2020-05-17 16:32:15 +0000 - refactor: unify inference API across mdp_epsilon, mdp_condition, mdp_x, mdp_beta
2020-05-17 18:00:12 +0000 - docs: document prompt syntax and expected behavior per algorithm
2020-05-17 11:06:19 +0000 - feat: implement mdp_beta variant alongside shared diffusion backbone
2020-05-17 20:41:14 +0000 - docs: document prompt syntax and expected behavior per algorithm
2020-05-17 18:03:19 +0000 - feat: implement mdp_x editing path and integration hooks
2020-05-17 18:55:11 +0000 - feat: implement mdp_beta variant alongside shared diffusion backbone
2020-05-19 20:09:31 +0000 - feat: scaffold MDP text-driven image editing without training a separate editor model
2020-05-19 14:31:53 +0000 - fix: robust handling of empty or overlong edit prompts in UI
2020-05-20 18:12:08 +0000 - feat: add Gradio app for editing real images with text prompts
2020-05-20 19:15:36 +0000 - feat: implement mdp_epsilon variant from MDP-Diffusion paper
2020-05-20 15:51:05 +0000 - feat: implement mdp_beta variant alongside shared diffusion backbone
2020-05-20 17:26:12 +0000 - perf: cache UNet activations where safe across edit iterations
2020-05-20 13:35:24 +0000 - feat: load pretrained diffusion weights and reuse native generative capacity
2020-05-24 15:52:04 +0000 - feat: implement mdp_condition variant for prompt-conditioned denoising
2020-05-24 09:31:00 +0000 - feat: implement mdp_x editing path and integration hooks
2020-05-28 20:17:17 +0000 - feat: implement mdp_epsilon variant from MDP-Diffusion paper
2020-05-28 14:18:24 +0000 - docs: cite arXiv MDP-Diffusion and contrast with single-algorithm reference repo
2020-05-28 17:07:43 +0000 - feat: implement mdp_beta variant alongside shared diffusion backbone
2020-05-28 19:02:30 +0000 - refactor: unify inference API across mdp_epsilon, mdp_condition, mdp_x, mdp_beta
2020-05-28 13:17:44 +0000 - fix: align latent schedules when altering the synthesis path from edit text
2020-06-03 12:13:01 +0000 - fix: align latent schedules when altering the synthesis path from edit text
2020-06-03 15:38:21 +0000 - feat: route diffusion sampling so edit prompts steer the synthesis trajectory
2020-06-03 11:24:50 +0000 - feat: batch-friendly editing utilities for evaluation splits
2020-06-08 13:33:24 +0000 - fix: numerical stability in noise injection for mdp_epsilon path
2020-06-08 12:16:57 +0000 - docs: document prompt syntax and expected behavior per algorithm
2020-06-08 09:31:10 +0000 - refactor: unify inference API across mdp_epsilon, mdp_condition, mdp_x, mdp_beta
2020-06-14 10:45:21 +0000 - docs: README section mapping paper sections to all four implementations
2020-06-14 14:28:25 +0000 - refactor: unify inference API across mdp_epsilon, mdp_condition, mdp_x, mdp_beta
2020-06-14 17:54:27 +0000 - docs: README section mapping paper sections to all four implementations
2020-06-14 19:58:02 +0000 - feat: scaffold MDP text-driven image editing without training a separate editor model
2020-06-17 17:53:45 +0000 - feat: add Gradio app for editing real images with text prompts
2020-06-17 19:50:45 +0000 - docs: document prompt syntax and expected behavior per algorithm
2020-06-17 20:08:42 +0000 - feat: scaffold MDP text-driven image editing without training a separate editor model
2020-06-17 09:38:09 +0000 - feat: batch-friendly editing utilities for evaluation splits
2020-06-17 17:28:31 +0000 - fix: align latent schedules when altering the synthesis path from edit text
2020-06-18 19:28:03 +0000 - chore: pin diffusers/torch stack and reproducible environment
2020-06-18 18:59:57 +0000 - feat: batch-friendly editing utilities for evaluation splits
2020-06-24 17:10:00 +0000 - feat: route diffusion sampling so edit prompts steer the synthesis trajectory
2020-06-24 10:38:21 +0000 - feat: add Gradio workflow for synthetic image generation and edits
2020-06-24 13:13:11 +0000 - fix: align latent schedules when altering the synthesis path from edit text
2020-06-24 15:28:14 +0000 - feat: implement mdp_condition variant for prompt-conditioned denoising
2020-06-24 20:46:52 +0000 - feat: scaffold MDP text-driven image editing without training a separate editor model
2020-06-24 14:52:53 +0000 - feat: scaffold MDP text-driven image editing without training a separate editor model
2020-06-28 17:48:56 +0000 - feat: batch-friendly editing utilities for evaluation splits
2020-06-28 17:51:35 +0000 - test: add smoke tests for each MDP variant forward/edit pass
2020-06-28 18:04:28 +0000 - fix: robust handling of empty or overlong edit prompts in UI
2020-06-28 12:23:35 +0000 - fix: numerical stability in noise injection for mdp_epsilon path
2020-07-02 20:52:51 +0000 - feat: add Gradio workflow for synthetic image generation and edits
2020-07-02 09:16:21 +0000 - feat: load pretrained diffusion weights and reuse native generative capacity
2020-07-02 10:30:27 +0000 - perf: cache UNet activations where safe across edit iterations
2020-07-02 14:46:33 +0000 - perf: cache UNet activations where safe across edit iterations
2020-07-08 11:10:47 +0000 - docs: cite arXiv MDP-Diffusion and contrast with single-algorithm reference repo
2020-07-08 16:13:43 +0000 - feat: implement mdp_condition variant for prompt-conditioned denoising
2020-07-08 20:17:11 +0000 - feat: implement mdp_condition variant for prompt-conditioned denoising
2020-07-15 20:17:54 +0000 - feat: implement mdp_epsilon variant from MDP-Diffusion paper
2020-07-15 12:37:18 +0000 - fix: numerical stability in noise injection for mdp_epsilon path
2020-07-23 20:09:16 +0000 - fix: align latent schedules when altering the synthesis path from edit text
2020-07-23 13:57:28 +0000 - test: add smoke tests for each MDP variant forward/edit pass
2020-07-23 16:11:31 +0000 - test: add smoke tests for each MDP variant forward/edit pass
2020-07-23 15:13:21 +0000 - docs: README section mapping paper sections to all four implementations
2020-07-23 17:29:14 +0000 - feat: implement mdp_epsilon variant from MDP-Diffusion paper
2020-07-23 20:50:48 +0000 - feat: batch-friendly editing utilities for evaluation splits
2020-07-24 13:48:04 +0000 - refactor: unify inference API across mdp_epsilon, mdp_condition, mdp_x, mdp_beta
2020-07-24 18:28:59 +0000 - docs: README section mapping paper sections to all four implementations
2020-07-24 17:28:36 +0000 - feat: implement mdp_x editing path and integration hooks
2020-07-24 15:09:29 +0000 - chore: pin diffusers/torch stack and reproducible environment
2020-07-24 12:25:22 +0000 - docs: cite arXiv MDP-Diffusion and contrast with single-algorithm reference repo
2020-07-24 18:44:32 +0000 - docs: README section mapping paper sections to all four implementations
2020-07-31 13:06:39 +0000 - fix: align latent schedules when altering the synthesis path from edit text
2020-07-31 10:52:12 +0000 - feat: batch-friendly editing utilities for evaluation splits
2020-07-31 09:26:28 +0000 - docs: cite arXiv MDP-Diffusion and contrast with single-algorithm reference repo
2020-07-31 09:42:22 +0000 - fix: align latent schedules when altering the synthesis path from edit text
2020-07-31 15:17:37 +0000 - fix: robust handling of empty or overlong edit prompts in UI
2020-08-03 11:59:52 +0000 - feat: add Gradio app for editing real images with text prompts
2020-08-03 20:14:41 +0000 - docs: document prompt syntax and expected behavior per algorithm
2020-08-03 12:10:51 +0000 - feat: batch-friendly editing utilities for evaluation splits
2020-08-09 10:38:45 +0000 - docs: document prompt syntax and expected behavior per algorithm
2020-08-09 14:27:38 +0000 - chore: pin diffusers/torch stack and reproducible environment
2020-08-09 18:06:24 +0000 - feat: batch-friendly editing utilities for evaluation splits
2020-08-12 13:30:47 +0000 - feat: implement mdp_condition variant for prompt-conditioned denoising
2020-08-12 20:01:49 +0000 - feat: add Gradio app for editing real images with text prompts
2020-08-12 10:50:38 +0000 - docs: README section mapping paper sections to all four implementations
2020-08-12 10:24:17 +0000 - feat: scaffold MDP text-driven image editing without training a separate editor model
2020-08-12 15:04:09 +0000 - perf: cache UNet activations where safe across edit iterations
2020-08-12 19:08:52 +0000 - test: add smoke tests for each MDP variant forward/edit pass
2020-08-18 13:24:10 +0000 - feat: implement mdp_x editing path and integration hooks
2020-08-18 12:14:36 +0000 - perf: cache UNet activations where safe across edit iterations
2020-08-18 11:55:06 +0000 - feat: add Gradio app for editing real images with text prompts
2020-08-26 20:08:30 +0000 - feat: implement mdp_epsilon variant from MDP-Diffusion paper
2020-08-26 09:09:39 +0000 - perf: cache UNet activations where safe across edit iterations
2020-08-26 15:02:20 +0000 - docs: document prompt syntax and expected behavior per algorithm
2020-08-27 12:24:45 +0000 - perf: cache UNet activations where safe across edit iterations
2020-08-27 11:59:56 +0000 - perf: cache UNet activations where safe across edit iterations
2020-08-27 09:03:02 +0000 - feat: implement mdp_beta variant alongside shared diffusion backbone
2020-08-27 18:59:48 +0000 - docs: README section mapping paper sections to all four implementations
2020-09-01 09:54:14 +0000 - docs: README section mapping paper sections to all four implementations
2020-09-01 10:09:19 +0000 - perf: cache UNet activations where safe across edit iterations
2020-09-01 20:20:00 +0000 - feat: load pretrained diffusion weights and reuse native generative capacity
2020-09-01 20:16:55 +0000 - fix: numerical stability in noise injection for mdp_epsilon path
2020-09-01 19:48:58 +0000 - test: add smoke tests for each MDP variant forward/edit pass
2020-09-01 19:14:37 +0000 - fix: numerical stability in noise injection for mdp_epsilon path
2020-09-02 18:48:51 +0000 - fix: robust handling of empty or overlong edit prompts in UI
2020-09-02 19:31:07 +0000 - fix: robust handling of empty or overlong edit prompts in UI
2020-09-02 18:10:34 +0000 - docs: document prompt syntax and expected behavior per algorithm
2020-09-02 11:20:33 +0000 - feat: load pretrained diffusion weights and reuse native generative capacity
2020-09-09 14:21:38 +0000 - docs: README section mapping paper sections to all four implementations
2020-09-09 15:54:48 +0000 - fix: robust handling of empty or overlong edit prompts in UI
2020-09-09 09:10:11 +0000 - feat: add Gradio app for editing real images with text prompts
2020-09-09 15:50:16 +0000 - feat: implement mdp_beta variant alongside shared diffusion backbone
2020-09-09 16:08:31 +0000 - feat: load pretrained diffusion weights and reuse native generative capacity
2020-09-09 17:09:47 +0000 - chore: pin diffusers/torch stack and reproducible environment
2020-09-14 20:43:33 +0000 - feat: scaffold MDP text-driven image editing without training a separate editor model
2020-09-14 19:10:24 +0000 - feat: add Gradio app for editing real images with text prompts
2020-09-14 14:06:52 +0000 - docs: README section mapping paper sections to all four implementations
2020-09-14 15:31:36 +0000 - docs: document prompt syntax and expected behavior per algorithm
2020-09-20 14:52:36 +0000 - docs: README section mapping paper sections to all four implementations
2020-09-20 19:23:47 +0000 - fix: align latent schedules when altering the synthesis path from edit text
2020-09-20 10:54:57 +0000 - docs: README section mapping paper sections to all four implementations
2020-09-20 13:20:12 +0000 - feat: route diffusion sampling so edit prompts steer the synthesis trajectory
2020-09-20 15:14:57 +0000 - docs: cite arXiv MDP-Diffusion and contrast with single-algorithm reference repo
2020-09-21 12:20:33 +0000 - feat: implement mdp_beta variant alongside shared diffusion backbone
2020-09-21 19:21:10 +0000 - feat: route diffusion sampling so edit prompts steer the synthesis trajectory
2020-09-29 15:28:24 +0000 - perf: cache UNet activations where safe across edit iterations
2020-09-29 20:01:08 +0000 - feat: batch-friendly editing utilities for evaluation splits
2020-09-29 18:00:16 +0000 - feat: add Gradio workflow for synthetic image generation and edits
2020-10-03 15:55:24 +0000 - feat: route diffusion sampling so edit prompts steer the synthesis trajectory
2020-10-03 11:28:00 +0000 - feat: implement mdp_epsilon variant from MDP-Diffusion paper
2020-10-03 15:46:16 +0000 - feat: load pretrained diffusion weights and reuse native generative capacity
2020-10-03 10:36:20 +0000 - test: add smoke tests for each MDP variant forward/edit pass
2020-10-03 13:41:31 +0000 - feat: implement mdp_condition variant for prompt-conditioned denoising
2020-10-07 18:54:09 +0000 - docs: document prompt syntax and expected behavior per algorithm
2020-10-07 12:20:18 +0000 - fix: numerical stability in noise injection for mdp_epsilon path
2020-10-07 12:21:55 +0000 - feat: add Gradio app for editing real images with text prompts
2020-10-14 14:39:53 +0000 - refactor: unify inference API across mdp_epsilon, mdp_condition, mdp_x, mdp_beta
2020-10-14 15:07:08 +0000 - feat: implement mdp_x editing path and integration hooks
2020-10-14 12:13:20 +0000 - fix: robust handling of empty or overlong edit prompts in UI
2020-10-14 18:41:25 +0000 - feat: add Gradio app for editing real images with text prompts
2020-10-14 11:31:02 +0000 - feat: implement mdp_x editing path and integration hooks
2020-10-16 16:00:11 +0000 - perf: cache UNet activations where safe across edit iterations
2020-10-16 13:02:50 +0000 - docs: cite arXiv MDP-Diffusion and contrast with single-algorithm reference repo
2020-10-16 15:35:36 +0000 - feat: route diffusion sampling so edit prompts steer the synthesis trajectory
2020-10-24 10:02:11 +0000 - feat: implement mdp_epsilon variant from MDP-Diffusion paper
2020-10-24 10:19:52 +0000 - fix: numerical stability in noise injection for mdp_epsilon path
2020-10-24 15:07:02 +0000 - feat: implement mdp_x editing path and integration hooks
2020-11-01 15:21:25 +0000 - test: add smoke tests for each MDP variant forward/edit pass
2020-11-01 16:18:17 +0000 - feat: add Gradio app for editing real images with text prompts
2020-11-01 12:10:03 +0000 - test: add smoke tests for each MDP variant forward/edit pass
2020-11-01 12:20:52 +0000 - feat: route diffusion sampling so edit prompts steer the synthesis trajectory
2020-11-08 10:27:42 +0000 - perf: cache UNet activations where safe across edit iterations
2020-11-08 16:58:56 +0000 - fix: numerical stability in noise injection for mdp_epsilon path
2020-11-08 20:52:27 +0000 - feat: implement mdp_condition variant for prompt-conditioned denoising
2020-11-12 12:03:24 +0000 - chore: pin diffusers/torch stack and reproducible environment
2020-11-12 14:41:12 +0000 - feat: implement mdp_condition variant for prompt-conditioned denoising
2020-11-12 17:31:24 +0000 - feat: implement mdp_beta variant alongside shared diffusion backbone
2020-11-12 09:38:36 +0000 - feat: implement mdp_x editing path and integration hooks
2020-11-12 12:33:22 +0000 - perf: cache UNet activations where safe across edit iterations
2020-11-19 15:51:11 +0000 - docs: cite arXiv MDP-Diffusion and contrast with single-algorithm reference repo
2020-11-19 18:56:00 +0000 - feat: implement mdp_condition variant for prompt-conditioned denoising
2020-11-19 12:28:46 +0000 - feat: implement mdp_epsilon variant from MDP-Diffusion paper
2020-11-26 15:57:34 +0000 - feat: implement mdp_epsilon variant from MDP-Diffusion paper
2020-11-26 20:18:50 +0000 - refactor: unify inference API across mdp_epsilon, mdp_condition, mdp_x, mdp_beta
2020-11-26 14:15:42 +0000 - feat: add Gradio workflow for synthetic image generation and edits
2020-11-26 10:16:12 +0000 - perf: cache UNet activations where safe across edit iterations
2020-12-04 17:49:04 +0000 - docs: cite arXiv MDP-Diffusion and contrast with single-algorithm reference repo
2020-12-04 19:28:46 +0000 - feat: add Gradio workflow for synthetic image generation and edits
